Log file open, 12/07/17 01:56:47
LogWindows: Failed to load 'aqProf.dll' (GetLastError=126)
LogWindows: File 'aqProf.dll' does not exist
LogWindows: Failed to load 'VtuneApi.dll' (GetLastError=126)
LogWindows: File 'VtuneApi.dll' does not exist
LogWindows: Failed to load 'VtuneApi32e.dll' (GetLastError=126)
LogWindows: File 'VtuneApi32e.dll' does not exist
LogInit: Display: Running engine for game: MadCatzv2
LogPlatformFile: Not using cached read wrapper
LogInit: Display: RandInit(1783301693) SRandInit(1783301693).
LogInit: Read version file with build ID '3709383'
LogInit: Overriding engine version to CL 3754814, compatible CL 3709383
LogInit: Registered custom module enumerator with build ID '3709383'
LogTaskGraph: Started task graph with 5 named threads and 14 total threads with 3 sets of task threads.
LogStats: Stats thread started at 0.167080
LogD3D11RHI: Aftermath initialized
LogModuleManager: Display: Found up-to-date module file ../../../Engine/Plugins/Runtime/ApexDestruction/Binaries/Win64/UE4Editor-ApexDestruction.dll (API version 3709383).
LogModuleManager: Display: Found up-to-date module file ../../../Engine/Plugins/Runtime/ApexDestruction/Binaries/Win64/UE4Editor-ApexDestructionEditor.dll (API version 3709383).
LogModuleManager: Display: Found up-to-date module file ../../../Engine/Plugins/2D/Paper2D/Binaries/Win64/UE4Editor-Paper2D.dll (API version 3709383).
LogModuleManager: Display: Found up-to-date module file ../../../Engine/Plugins/2D/Paper2D/Binaries/Win64/UE4Editor-Paper2DEditor.dll (API version 3709383).
LogModuleManager: Display: Found up-to-date module file ../../../Engine/Plugins/2D/Paper2D/Binaries/Win64/UE4Editor-PaperSpriteSheetImporter.dll (API version 3709383).
LogModuleManager: Display: Found up-to-date module file ../../../Engine/Plugins/2D/Paper2D/Binaries/Win64/UE4Editor-PaperTiledImporter.dll (API version 3709383).
LogModuleManager: Display: Found up-to-date module file ../../../Engine/Plugins/2D/Paper2D/Binaries/Win64/UE4Editor-SmartSnapping.dll (API version 3709383).
LogModuleManager: Display: Found up-to-date module file ../../../Engine/Plugins/Blendables/LightPropagationVolume/Binaries/Win64/UE4Editor-LightPropagationVolumeRuntime.dll (API version 3709383).
LogModuleManager: Display: Found up-to-date module file ../../../Engine/Plugins/Blendables/LightPropagationVolume/Binaries/Win64/UE4Editor-LightPropagationVolumeEditor.dll (API version 3709383).
LogModuleManager: Display: Found up-to-date module file ../../../Engine/Plugins/Developer/GitSourceControl/Binaries/Win64/UE4Editor-GitSourceControl.dll (API version 3709383).
LogModuleManager: Display: Found up-to-date module file ../../../Engine/Plugins/Developer/PerforceSourceControl/Binaries/Win64/UE4Editor-PerforceSourceControl.dll (API version 3709383).
LogModuleManager: Display: Found up-to-date module file ../../../Engine/Plugins/Developer/SubversionSourceControl/Binaries/Win64/UE4Editor-SubversionSourceControl.dll (API version 3709383).
LogModuleManager: Display: Found up-to-date module file ../../../Engine/Plugins/Developer/UObjectPlugin/Binaries/Win64/UE4Editor-UObjectPlugin.dll (API version 3709383).
LogModuleManager: Display: Found up-to-date module file ../../../Engine/Plugins/Developer/VisualStudioCodeSourceCodeAccess/Binaries/Win64/UE4Editor-VisualStudioCodeSourceCodeAccess.dll (API version 3709383).
LogModuleManager: Display: Found up-to-date module file ../../../Engine/Plugins/Developer/VisualStudioSourceCodeAccess/Binaries/Win64/UE4Editor-VisualStudioSourceCodeAccess.dll (API version 3709383).
LogModuleManager: Display: Found up-to-date module file ../../../Engine/Plugins/Editor/AssetManagerEditor/Binaries/Win64/UE4Editor-AssetManagerEditor.dll (API version 3709383).
LogModuleManager: Display: Found up-to-date module file ../../../Engine/Plugins/Editor/AudioCapture/Binaries/Win64/UE4Editor-AudioCapture.dll (API version 3709383).
LogModuleManager: Display: Found up-to-date module file ../../../Engine/Plugins/Editor/FacialAnimation/Binaries/Win64/UE4Editor-FacialAnimation.dll (API version 3709383).
LogModuleManager: Display: Found up-to-date module file ../../../Engine/Plugins/Editor/FacialAnimation/Binaries/Win64/UE4Editor-FacialAnimationEditor.dll (API version 3709383).
LogModuleManager: Display: Found up-to-date module file ../../../Engine/Plugins/Editor/GameplayTagsEditor/Binaries/Win64/UE4Editor-GameplayTagsEditor.dll (API version 3709383).
LogModuleManager: Display: Found up-to-date module file ../../../Engine/Plugins/Editor/MobileLauncherProfileWizard/Binaries/Win64/UE4Editor-MobileLauncherProfileWizard.dll (API version 3709383).
LogModuleManager: Display: Found up-to-date module file ../../../Engine/Plugins/Editor/PluginBrowser/Binaries/Win64/UE4Editor-PluginBrowser.dll (API version 3709383).
LogModuleManager: Display: Found up-to-date module file ../../../Engine/Plugins/Editor/SpeedTreeImporter/Binaries/Win64/UE4Editor-SpeedTreeImporter.dll (API version 3709383).
LogModuleManager: Display: Found up-to-date module file ../../../Engine/Plugins/Experimental/AlembicImporter/Binaries/Win64/UE4Editor-AlembicImporter.dll (API version 3709383).
LogModuleManager: Display: Found up-to-date module file ../../../Engine/Plugins/Experimental/AlembicImporter/Binaries/Win64/UE4Editor-AlembicLibrary.dll (API version 3709383).
LogModuleManager: Display: Found up-to-date module file ../../../Engine/Plugins/Experimental/CharacterAI/Binaries/Win64/UE4Editor-CharacterAI.dll (API version 3709383).
LogModuleManager: Display: Found up-to-date module file ../../../Engine/Plugins/Experimental/HTML5Networking/Binaries/Win64/UE4Editor-HTML5Networking.dll (API version 3709383).
LogModuleManager: Display: Found up-to-date module file ../../../Engine/Plugins/Media/AndroidMedia/Binaries/Win64/UE4Editor-AndroidMediaEditor.dll (API version 3709383).
LogModuleManager: Display: Found up-to-date module file ../../../Engine/Plugins/Media/AndroidMedia/Binaries/Win64/UE4Editor-AndroidMediaFactory.dll (API version 3709383).
LogModuleManager: Display: Found up-to-date module file ../../../Engine/Plugins/Media/AvfMedia/Binaries/Win64/UE4Editor-AvfMediaEditor.dll (API version 3709383).
LogModuleManager: Display: Found up-to-date module file ../../../Engine/Plugins/Media/AvfMedia/Binaries/Win64/UE4Editor-AvfMediaFactory.dll (API version 3709383).
LogModuleManager: Display: Found up-to-date module file ../../../Engine/Plugins/Media/AvfMedia/Binaries/Win64/UE4Editor-AvfMediaFactory.dll (API version 3709383).
LogModuleManager: Display: Found up-to-date module file ../../../Engine/Plugins/Media/ImgMedia/Binaries/Win64/UE4Editor-ImgMedia.dll (API version 3709383).
LogModuleManager: Display: Found up-to-date module file ../../../Engine/Plugins/Media/ImgMedia/Binaries/Win64/UE4Editor-ImgMediaEditor.dll (API version 3709383).
LogModuleManager: Display: Found up-to-date module file ../../../Engine/Plugins/Media/ImgMedia/Binaries/Win64/UE4Editor-ImgMediaFactory.dll (API version 3709383).
LogModuleManager: Display: Found up-to-date module file ../../../Engine/Plugins/Media/ImgMedia/Binaries/Win64/UE4Editor-ImgMediaFactory.dll (API version 3709383).
LogModuleManager: Display: Found up-to-date module file ../../../Engine/Plugins/Media/ImgMedia/Binaries/Win64/UE4Editor-OpenExrWrapper.dll (API version 3709383).
LogModuleManager: Display: Found up-to-date module file ../../../Engine/Plugins/Media/MediaCompositing/Binaries/Win64/UE4Editor-MediaCompositing.dll (API version 3709383).
LogModuleManager: Display: Found up-to-date module file ../../../Engine/Plugins/Media/MediaCompositing/Binaries/Win64/UE4Editor-MediaCompositingEditor.dll (API version 3709383).
LogModuleManager: Display: Found up-to-date module file ../../../Engine/Plugins/Media/MediaPlayerEditor/Binaries/Win64/UE4Editor-MediaPlayerEditor.dll (API version 3709383).
LogModuleManager: Display: Found up-to-date module file ../../../Engine/Plugins/Media/WmfMedia/Binaries/Win64/UE4Editor-WmfMedia.dll (API version 3709383).
LogModuleManager: Display: Found up-to-date module file ../../../Engine/Plugins/Media/WmfMedia/Binaries/Win64/UE4Editor-WmfMediaEditor.dll (API version 3709383).
LogModuleManager: Display: Found up-to-date module file ../../../Engine/Plugins/Media/WmfMedia/Binaries/Win64/UE4Editor-WmfMediaFactory.dll (API version 3709383).
LogModuleManager: Display: Found up-to-date module file ../../../Engine/Plugins/Media/WmfMedia/Binaries/Win64/UE4Editor-WmfMediaFactory.dll (API version 3709383).
LogModuleManager: Display: Found up-to-date module file ../../../Engine/Plugins/Messaging/TcpMessaging/Binaries/Win64/UE4Editor-TcpMessaging.dll (API version 3709383).
LogModuleManager: Display: Found up-to-date module file ../../../Engine/Plugins/Messaging/UdpMessaging/Binaries/Win64/UE4Editor-UdpMessaging.dll (API version 3709383).
LogModuleManager: Display: Found up-to-date module file ../../../Engine/Plugins/MovieScene/ActorSequence/Binaries/Win64/UE4Editor-ActorSequence.dll (API version 3709383).
LogModuleManager: Display: Found up-to-date module file ../../../Engine/Plugins/MovieScene/LevelSequenceEditor/Binaries/Win64/UE4Editor-LevelSequenceEditor.dll (API version 3709383).
LogModuleManager: Display: Found up-to-date module file ../../../Engine/Plugins/MovieScene/MatineeToLevelSequence/Binaries/Win64/UE4Editor-MatineeToLevelSequence.dll (API version 3709383).
LogModuleManager: Display: Found up-to-date module file ../../../Engine/Plugins/Online/OnlineSubsystem/Binaries/Win64/UE4Editor-OnlineSubsystem.dll (API version 3709383).
LogModuleManager: Display: Found up-to-date module file ../../../Engine/Plugins/Runtime/AndroidPermission/Binaries/Win64/UE4Editor-AndroidPermission.dll (API version 3709383).
LogModuleManager: Display: Found up-to-date module file ../../../Engine/Plugins/Online/OnlineSubsystemNull/Binaries/Win64/UE4Editor-OnlineSubsystemNull.dll (API version 3709383).
LogModuleManager: Display: Found up-to-date module file ../../../Engine/Plugins/Online/OnlineSubsystemUtils/Binaries/Win64/UE4Editor-OnlineSubsystemUtils.dll (API version 3709383).
LogModuleManager: Display: Found up-to-date module file ../../../Engine/Plugins/Online/OnlineSubsystemUtils/Binaries/Win64/UE4Editor-OnlineBlueprintSupport.dll (API version 3709383).
LogModuleManager: Display: Found up-to-date module file ../../../Engine/Plugins/Runtime/AndroidDeviceProfileSelector/Binaries/Win64/UE4Editor-AndroidDeviceProfileSelector.dll (API version 3709383).
LogModuleManager: Display: Found up-to-date module file ../../../Engine/Plugins/Runtime/AppleARKit/Binaries/Win64/UE4Editor-AppleARKit.dll (API version 3709383).
LogModuleManager: Display: Found up-to-date module file ../../../Engine/Plugins/Runtime/ArchVisCharacter/Binaries/Win64/UE4Editor-ArchVisCharacter.dll (API version 3709383).
LogModuleManager: Display: Found up-to-date module file ../../../Engine/Plugins/Runtime/CableComponent/Binaries/Win64/UE4Editor-CableComponent.dll (API version 3709383).
LogModuleManager: Display: Found up-to-date module file ../../../Engine/Plugins/Runtime/CustomMeshComponent/Binaries/Win64/UE4Editor-CustomMeshComponent.dll (API version 3709383).
LogModuleManager: Display: Found up-to-date module file ../../../Engine/Plugins/Runtime/ExampleDeviceProfileSelector/Binaries/Win64/UE4Editor-ExampleDeviceProfileSelector.dll (API version 3709383).
LogModuleManager: Display: Found up-to-date module file ../../../Engine/Plugins/Runtime/ImmediatePhysics/Binaries/Win64/UE4Editor-ImmediatePhysics.dll (API version 3709383).
LogModuleManager: Display: Found up-to-date module file ../../../Engine/Plugins/Runtime/ImmediatePhysics/Binaries/Win64/UE4Editor-ImmediatePhysicsEditor.dll (API version 3709383).
LogModuleManager: Display: Found up-to-date module file ../../../Engine/Plugins/Runtime/LocationServicesBPLibrary/Binaries/Win64/UE4Editor-LocationServicesBPLibrary.dll (API version 3709383).
LogModuleManager: Display: Found up-to-date module file ../../../Engine/Plugins/Runtime/MobilePatchingUtils/Binaries/Win64/UE4Editor-MobilePatchingUtils.dll (API version 3709383).
LogModuleManager: Display: Found up-to-date module file ../../../Engine/Plugins/Runtime/Oculus/OculusVR/Binaries/Win64/UE4Editor-OculusHMD.dll (API version 3709383).
LogModuleManager: Display: Found up-to-date module file ../../../Engine/Plugins/Runtime/Oculus/OculusVR/Binaries/Win64/UE4Editor-OculusInput.dll (API version 3709383).
LogModuleManager: Display: Found up-to-date module file ../../../Engine/Plugins/Runtime/Oculus/OculusVR/Binaries/Win64/UE4Editor-OculusEditor.dll (API version 3709383).
LogModuleManager: Display: Found up-to-date module file ../../../Engine/Plugins/Runtime/PhysXVehicles/Binaries/Win64/UE4Editor-PhysXVehicles.dll (API version 3709383).
LogModuleManager: Display: Found up-to-date module file ../../../Engine/Plugins/Runtime/PhysXVehicles/Binaries/Win64/UE4Editor-PhysXVehiclesEditor.dll (API version 3709383).
LogModuleManager: Display: Found up-to-date module file ../../../Engine/Plugins/Runtime/ProceduralMeshComponent/Binaries/Win64/UE4Editor-ProceduralMeshComponent.dll (API version 3709383).
LogModuleManager: Display: Found up-to-date module file ../../../Engine/Plugins/Runtime/ProceduralMeshComponent/Binaries/Win64/UE4Editor-ProceduralMeshComponentEditor.dll (API version 3709383).
LogModuleManager: Display: Found up-to-date module file ../../../Engine/Plugins/Runtime/RuntimePhysXCooking/Binaries/Win64/UE4Editor-RuntimePhysXCooking.dll (API version 3709383).
LogModuleManager: Display: Found up-to-date module file ../../../Engine/Plugins/Runtime/Steam/SteamVR/Binaries/Win64/UE4Editor-SteamVR.dll (API version 3709383).
LogModuleManager: Display: Found up-to-date module file ../../../Engine/Plugins/Runtime/Steam/SteamVR/Binaries/Win64/UE4Editor-SteamVRController.dll (API version 3709383).
LogModuleManager: Display: Found up-to-date module file ../../../Engine/Plugins/Runtime/WindowsMoviePlayer/Binaries/Win64/UE4Editor-WindowsMoviePlayer.dll (API version 3709383).
LogPluginManager: Mounting plugin Paper2D
LogPluginManager: Mounting plugin LightPropagationVolume
LogPluginManager: Mounting plugin CodeLiteSourceCodeAccess
LogPluginManager: Mounting plugin GitSourceControl
LogPluginManager: Mounting plugin KDevelopSourceCodeAccess
LogPluginManager: Mounting plugin NullSourceCodeAccess
LogPluginManager: Mounting plugin PerforceSourceControl
LogPluginManager: Mounting plugin SubversionSourceControl
LogPluginManager: Mounting plugin UObjectPlugin
LogPluginManager: Mounting plugin VisualStudioCodeSourceCodeAccess
LogPluginManager: Mounting plugin VisualStudioSourceCodeAccess
LogPluginManager: Mounting plugin XCodeSourceCodeAccess
LogPluginManager: Mounting plugin AssetManagerEditor
LogPluginManager: Mounting plugin AudioCapture
LogPluginManager: Mounting plugin FacialAnimation
LogPluginManager: Mounting plugin GameplayTagsEditor
LogPluginManager: Mounting plugin MobileLauncherProfileWizard
LogPluginManager: Mounting plugin PluginBrowser
LogPluginManager: Mounting plugin SpeedTreeImporter
LogPluginManager: Mounting plugin AlembicImporter
LogPluginManager: Mounting plugin CharacterAI
LogPluginManager: Mounting plugin HTML5Networking
LogPluginManager: Mounting plugin AndroidMedia
LogPluginManager: Mounting plugin AvfMedia
LogPluginManager: Mounting plugin ImgMedia
LogPluginManager: Mounting plugin MediaCompositing
LogPluginManager: Mounting plugin MediaPlayerEditor
LogPluginManager: Mounting plugin WmfMedia
LogPluginManager: Mounting plugin TcpMessaging
LogPluginManager: Mounting plugin UdpMessaging
LogPluginManager: Mounting plugin ActorSequence
LogPluginManager: Mounting plugin LevelSequenceEditor
LogPluginManager: Mounting plugin MatineeToLevelSequence
LogPluginManager: Mounting plugin OnlineSubsystemGooglePlay
LogPluginManager: Mounting plugin OnlineSubsystemIOS
LogPluginManager: Mounting plugin OnlineSubsystem
LogPluginManager: Mounting plugin OnlineSubsystemNull
LogPluginManager: Mounting plugin OnlineSubsystemUtils
LogPluginManager: Mounting plugin AndroidDeviceProfileSelector
LogPluginManager: Mounting plugin AndroidMoviePlayer
LogPluginManager: Mounting plugin AndroidPermission
LogPluginManager: Mounting plugin ApexDestruction
LogPluginManager: Mounting plugin AppleARKit
LogPluginManager: Mounting plugin AppleMoviePlayer
LogPluginManager: Mounting plugin ArchVisCharacter
LogPluginManager: Mounting plugin CableComponent
LogPluginManager: Mounting plugin CustomMeshComponent
LogPluginManager: Mounting plugin ExampleDeviceProfileSelector
LogPluginManager: Mounting plugin GoogleCloudMessaging
LogPluginManager: Mounting plugin ImmediatePhysics
LogPluginManager: Mounting plugin IOSDeviceProfileSelector
LogPluginManager: Mounting plugin LinuxDeviceProfileSelector
LogPluginManager: Mounting plugin LocationServicesBPLibrary
LogPluginManager: Mounting plugin MobilePatchingUtils
LogPluginManager: Mounting plugin OculusVR
LogPluginManager: Plugin shader directory ../../../Engine/Plugins/Runtime/Oculus/OculusVR/Shaders found
LogPluginManager: Mapping shader source directory ../../../Engine/Plugins/Runtime/Oculus/OculusVR/Shaders to virtual directory /Plugin/OculusVR
LogPluginManager: Mounting plugin PhysXVehicles
LogPluginManager: Mounting plugin ProceduralMeshComponent
LogPluginManager: Mounting plugin RuntimePhysXCooking
LogPluginManager: Mounting plugin SteamVR
LogPluginManager: Mounting plugin WindowsMoviePlayer
LogInit: Using libcurl 7.47.1
LogInit:  - built for x86_64-pc-win32
LogInit:  - supports SSL with OpenSSL/1.0.2g
LogInit:  - supports HTTP deflate (compression) using libz 1.2.8
LogInit:  - other features:
LogInit:      CURL_VERSION_SSL
LogInit:      CURL_VERSION_LIBZ
LogInit:      CURL_VERSION_IPV6
LogInit:      CURL_VERSION_ASYNCHDNS
LogInit:      CURL_VERSION_LARGEFILE
LogInit:      CURL_VERSION_IDN
LogInit:  CurlRequestOptions (configurable via config and command line):
LogInit:  - bVerifyPeer = false  - Libcurl will NOT verify peer certificate
LogInit:  - bUseHttpProxy = false  - Libcurl will NOT use HTTP proxy
LogInit:  - bDontReuseConnections = false  - Libcurl will reuse connections
LogInit:  - CertBundlePath = nullptr  - Libcurl will use whatever was configured at build time.
LogHMD: Failed initializing OVRPlugin 1.19.0
LogInit: Build: ++UE4+Release-4.18-CL-3754814
LogInit: Engine Version: 4.18.1-3754814+++UE4+Release-4.18
LogInit: Compatible Engine Version: 4.18.0-3709383+++UE4+Release-4.18
LogInit: Net CL: 3709383
LogDevObjectVersion: Number of dev versions registered: 16
LogDevObjectVersion:   Dev-Blueprints (B0D832E4-1F89-4F0D-ACCF-7EB736FD4AA2): 10
LogDevObjectVersion:   Dev-Build (E1C64328-A22C-4D53-A36C-8E866417BD8C): 0
LogDevObjectVersion:   Dev-Core (375EC13C-06E4-48FB-B500-84F0262A717E): 2
LogDevObjectVersion:   Dev-Editor (E4B068ED-F494-42E9-A231-DA0B2E46BB41): 20
LogDevObjectVersion:   Dev-Framework (CFFC743F-43B0-4480-9391-14DF171D2073): 30
LogDevObjectVersion:   Dev-Mobile (B02B49B5-BB20-44E9-A304-32B752E40360): 0
LogDevObjectVersion:   Dev-Networking (A4E4105C-59A1-49B5-A7C5-40C4547EDFEE): 0
LogDevObjectVersion:   Dev-Online (39C831C9-5AE6-47DC-9A44-9C173E1C8E7C): 0
LogDevObjectVersion:   Dev-Physics (78F01B33-EBEA-4F98-B9B4-84EACCB95AA2): 0
LogDevObjectVersion:   Dev-Platform (6631380F-2D4D-43E0-8009-CF276956A95A): 0
LogDevObjectVersion:   Dev-Rendering (12F88B9F-8875-4AFC-A67C-D90C383ABD29): 20
LogDevObjectVersion:   Dev-Sequencer (7B5AE74C-D270-4C10-A958-57980B212A5A): 4
LogDevObjectVersion:   Dev-VR (D7296918-1DD6-4BDD-9DE2-64A83CC13884): 0
LogDevObjectVersion:   Dev-LoadTimes (C2A15278-BFE7-4AFE-6C17-90FF531DF755): 1
LogDevObjectVersion:   Private-Geometry (6EACA3D4-40EC-4CC1-B786-8BED09428FC5): 1
LogDevObjectVersion:   Dev-AnimPhys (29E575DD-E0A3-4627-9D10-D276232CDCEA): 12
LogInit: Compiled (64-bit): Nov 14 2017 02:05:55
LogInit: Compiled with Visual C++: 19.00.24215.01
LogInit: Build Configuration: Development
LogInit: Branch Name: ++UE4+Release-4.18
LogInit: Command line: -EpicPortal 
LogInit: Base directory: C:/Program Files/Epic Games/UE_4.18/Engine/Binaries/Win64/
LogInit: Installed Engine Build: 1
LogInit: Presizing for max 8388607 objects, including 0 objects not considered by GC, pre-allocating 0 bytes for permanent pool.
LogInit: Object subsystem initialized
[2017.12.07-08.56.49:254][  0]LogInit: Selected Device Profile: [Windows]
[2017.12.07-08.56.49:254][  0]LogInit: Applying CVar settings loaded from the selected device profile: [Windows]
[2017.12.07-08.56.49:265][  0]LogInit: Computer: eae-d-042
[2017.12.07-08.56.49:265][  0]LogInit: User: u1148533
[2017.12.07-08.56.49:265][  0]LogInit: CPU Page size=4096, Cores=4
[2017.12.07-08.56.49:266][  0]LogInit: High frequency timer resolution =3.513592 MHz
[2017.12.07-08.56.49:266][  0]LogMemory: Memory total: Physical=31.9GB (32GB approx)
[2017.12.07-08.56.49:266][  0]LogMemory: Platform Memory Stats for Windows
[2017.12.07-08.56.49:266][  0]LogMemory: Process Physical Memory: 277.23 MB used, 277.23 MB peak
[2017.12.07-08.56.49:266][  0]LogMemory: Process Virtual Memory: 276.07 MB used, 276.07 MB peak
[2017.12.07-08.56.49:266][  0]LogMemory: Physical Memory: 12566.75 MB used,  20077.89 MB free, 32644.64 MB total
[2017.12.07-08.56.49:266][  0]LogMemory: Virtual Memory: 700.89 MB used,  20077.89 MB free, 134217728.00 MB total
[2017.12.07-08.56.49:393][  0]LogInit: Using OS detected language (en-US).
[2017.12.07-08.56.49:393][  0]LogInit: Using OS detected locale (en-US).
[2017.12.07-08.56.49:395][  0]LogTextLocalizationManager: No specific localization for 'en-US' exists, so the 'en' localization will be used.
[2017.12.07-08.56.49:784][  0]LogInit: Setting process to per monitor DPI aware
[2017.12.07-08.56.50:009][  0]LogD3D11RHI: D3D11 adapters:
[2017.12.07-08.56.50:044][  0]LogD3D11RHI:    0. 'NVIDIA GeForce GTX 1070' (Feature Level 11_0)
[2017.12.07-08.56.50:044][  0]LogD3D11RHI:       8096/0/16322 MB DedicatedVideo/DedicatedSystem/SharedSystem, Outputs:2, VendorId:0x10de
[2017.12.07-08.56.50:049][  0]LogD3D11RHI:    1. 'Intel(R) HD Graphics 4600' (Feature Level 11_0)
[2017.12.07-08.56.50:049][  0]LogD3D11RHI:       112/0/2048 MB DedicatedVideo/DedicatedSystem/SharedSystem, Outputs:0, VendorId:0x8086
[2017.12.07-08.56.50:050][  0]LogD3D11RHI:    2. 'Microsoft Basic Render Driver' (Feature Level 11_0)
[2017.12.07-08.56.50:050][  0]LogD3D11RHI:       0/0/16322 MB DedicatedVideo/DedicatedSystem/SharedSystem, Outputs:0, VendorId:0x1414
[2017.12.07-08.56.50:050][  0]LogD3D11RHI: Chosen D3D11 Adapter: 0
[2017.12.07-08.56.50:057][  0]LogD3D11RHI: Creating new Direct3DDevice
[2017.12.07-08.56.50:057][  0]LogD3D11RHI:     GPU DeviceId: 0x1b81 (for the marketing name, search the web for "GPU Device Id")
[2017.12.07-08.56.50:057][  0]LogWindows: EnumDisplayDevices:
[2017.12.07-08.56.50:057][  0]LogWindows:    0. 'NVIDIA GeForce GTX 1070' (P:1 D:1)
[2017.12.07-08.56.50:057][  0]LogWindows:    1. 'NVIDIA GeForce GTX 1070' (P:0 D:1)
[2017.12.07-08.56.50:057][  0]LogWindows:    2. 'NVIDIA GeForce GTX 1070' (P:0 D:0)
[2017.12.07-08.56.50:057][  0]LogWindows:    3. 'NVIDIA GeForce GTX 1070' (P:0 D:0)
[2017.12.07-08.56.50:057][  0]LogWindows:    4. 'Intel(R) HD Graphics 4600' (P:0 D:0)
[2017.12.07-08.56.50:057][  0]LogWindows:    5. 'Intel(R) HD Graphics 4600' (P:0 D:0)
[2017.12.07-08.56.50:057][  0]LogWindows:    6. 'Intel(R) HD Graphics 4600' (P:0 D:0)
[2017.12.07-08.56.50:058][  0]LogWindows: DebugString: PrimaryIsNotTheChoosenAdapter PrimaryIsNotTheChoosenAdapter PrimaryIsNotTheChoosenAdapter FoundDriverCount:4 
[2017.12.07-08.56.50:058][  0]LogD3D11RHI:     Adapter Name: NVIDIA GeForce GTX 1070
[2017.12.07-08.56.50:058][  0]LogD3D11RHI:   Driver Version: 388.13 (internal:23.21.13.8813, unified:388.13)
[2017.12.07-08.56.50:058][  0]LogD3D11RHI:      Driver Date: 10-27-2017
[2017.12.07-08.56.50:058][  0]LogRHI: Texture pool is 5667 MB (70% of 8096 MB)
[2017.12.07-08.56.50:087][  0]LogD3D11RHI: Async texture creation enabled
[2017.12.07-08.56.50:097][  0]LogD3D11RHI: GPU Timing Frequency: 1000.000000 (Debug: 2 1)
[2017.12.07-08.56.50:187][  0]LogShaderCompilers: Guid format shader working directory is -19 characters bigger than the processId version (../../../../../../Users/u1148533/Desktop/RapidPrototyping/MadCatzv2/Intermediate/Shaders/WorkingDirectory/14908/).
[2017.12.07-08.56.50:188][  0]LogShaderCompilers: Cleaned the shader compiler working directory 'C:/Users/u1148533/AppData/Local/Temp/UnrealShaderWorkingDir/78B754274C47C49850B50EBC6526EF5C/'.
[2017.12.07-08.56.50:188][  0]LogShaderCompilers: Display: Using Local Shader Compiler.
[2017.12.07-08.56.50:996][  0]LogTemp: Display: Loaded TP AllDesktopTargetPlatform
[2017.12.07-08.56.51:044][  0]LogTemp: Display: Loaded TP MacClientTargetPlatform
[2017.12.07-08.56.51:090][  0]LogTemp: Display: Loaded TP MacNoEditorTargetPlatform
[2017.12.07-08.56.51:132][  0]LogTemp: Display: Loaded TP MacServerTargetPlatform
[2017.12.07-08.56.51:176][  0]LogTemp: Display: Loaded TP MacTargetPlatform
[2017.12.07-08.56.51:224][  0]LogTemp: Display: Loaded TP WindowsClientTargetPlatform
[2017.12.07-08.56.51:268][  0]LogTemp: Display: Loaded TP WindowsNoEditorTargetPlatform
[2017.12.07-08.56.51:311][  0]LogTemp: Display: Loaded TP WindowsServerTargetPlatform
[2017.12.07-08.56.51:349][  0]LogTemp: Display: Loaded TP WindowsTargetPlatform
[2017.12.07-08.56.51:391][  0]LogTemp: Display: Loaded TP Android_ASTCTargetPlatform
[2017.12.07-08.56.51:433][  0]LogTemp: Display: Loaded TP Android_ATCTargetPlatform
[2017.12.07-08.56.51:475][  0]LogTemp: Display: Loaded TP Android_DXTTargetPlatform
[2017.12.07-08.56.51:517][  0]LogTemp: Display: Loaded TP Android_ETC1TargetPlatform
[2017.12.07-08.56.51:559][  0]LogTemp: Display: Loaded TP Android_ETC2TargetPlatform
[2017.12.07-08.56.51:646][  0]LogTemp: Display: Loaded TP Android_MultiTargetPlatform
[2017.12.07-08.56.51:646][  0]LogTemp: Display: Loaded TP Android_PVRTCTargetPlatform
[2017.12.07-08.56.51:689][  0]LogTemp: Display: Loaded TP AndroidTargetPlatform
[2017.12.07-08.56.51:721][  0]LogTemp: Display: Loaded TP HTML5TargetPlatform
[2017.12.07-08.56.51:801][  0]LogTemp: Display: Loaded TP IOSTargetPlatform
[2017.12.07-08.56.51:824][  0]LogTemp: Display: Loaded TP TVOSTargetPlatform
[2017.12.07-08.56.51:867][  0]LogTemp: Display: Loaded TP LinuxClientTargetPlatform
[2017.12.07-08.56.51:910][  0]LogTemp: Display: Loaded TP LinuxNoEditorTargetPlatform
[2017.12.07-08.56.51:953][  0]LogTemp: Display: Loaded TP LinuxServerTargetPlatform
[2017.12.07-08.56.51:994][  0]LogTemp: Display: Loaded TP LinuxTargetPlatform
[2017.12.07-08.56.51:995][  0]LogTargetPlatformManager: Display: Building Assets For Windows
[2017.12.07-08.56.52:381][  0]LogDerivedDataCache: Display: Max Cache Size: 512 MB
[2017.12.07-08.56.52:457][  0]LogDerivedDataCache: Loaded boot cache 0.08s 78MB C:/Users/u1148533/AppData/Local/UnrealEngine/4.18/DerivedDataCache/Boot.ddc.
[2017.12.07-08.56.52:457][  0]LogDerivedDataCache: Display: Loaded Boot cache: C:/Users/u1148533/AppData/Local/UnrealEngine/4.18/DerivedDataCache/Boot.ddc
[2017.12.07-08.56.52:457][  0]LogDerivedDataCache: FDerivedDataBackendGraph:  Pak pak cache file ../../../../../../Users/u1148533/Desktop/RapidPrototyping/MadCatzv2/DerivedDataCache/DDC.ddp not found, will not use a pak cache.
[2017.12.07-08.56.52:457][  0]LogDerivedDataCache: Unable to find inner node Pak for hierarchical cache Hierarchy.
[2017.12.07-08.56.52:457][  0]LogDerivedDataCache: FDerivedDataBackendGraph:  CompressedPak pak cache file ../../../../../../Users/u1148533/Desktop/RapidPrototyping/MadCatzv2/DerivedDataCache/Compressed.ddp not found, will not use a pak cache.
[2017.12.07-08.56.52:457][  0]LogDerivedDataCache: Unable to find inner node CompressedPak for hierarchical cache Hierarchy.
[2017.12.07-08.56.52:471][  0]LogDerivedDataCache: Display: Pak cache opened for reading ../../../Engine/DerivedDataCache/Compressed.ddp.
[2017.12.07-08.56.52:483][  0]LogDerivedDataCache: Using Local data cache path C:/Users/u1148533/AppData/Local/UnrealEngine/Common/DerivedDataCache: Writable
[2017.12.07-08.56.52:492][  0]LogMaterial: Verifying Global Shaders for PCD3D_SM5
[2017.12.07-08.56.52:492][  0]LogSlate: Using Freetype 2.6.0
[2017.12.07-08.56.52:493][  0]LogSlate: SlateFontCache - WITH_FREETYPE: 1, WITH_HARFBUZZ: 1
[2017.12.07-08.56.52:493][  0]LogSlate: SlateFontCache - WITH_FREETYPE: 1, WITH_HARFBUZZ: 1
[2017.12.07-08.56.52:811][  0]LogInit: Selected Device Profile: [Windows]
[2017.12.07-08.56.53:093][  0]LogSimplygon: Simplygon DLL not present - disabling.
[2017.12.07-08.56.53:127][  0]LogMeshReduction: Using SimplygonSwarm for distributed automatic mesh merging
[2017.12.07-08.56.53:128][  0]LogMeshReduction: Using QuadricMeshReduction for automatic static mesh reduction
[2017.12.07-08.56.53:128][  0]LogMeshReduction: No automatic skeletal mesh reduction module available
[2017.12.07-08.56.53:128][  0]LogMeshReduction: No automatic mesh merging module available
[2017.12.07-08.56.53:128][  0]LogMeshMerging: No automatic mesh merging module available
[2017.12.07-08.56.53:155][  0]LogNetVersion: MadCatzv2 , NetCL: 3709383, EngineNetVer: 2, GameNetVer: 0 (Checksum: 834051207)
[2017.12.07-08.56.53:305][  0]LogAssetRegistry: FAssetRegistry took 0.0258 seconds to start up
[2017.12.07-08.56.53:765][  0]LogPackageLocalizationCache: Processed 7 localized package path(s) for 2 prioritized culture(s) in 0.065927 seconds
[2017.12.07-08.56.53:770][  0]LogUObjectArray: 35900 objects as part of root set at end of initial load.
[2017.12.07-08.56.53:770][  0]LogUObjectAllocator: 7372024 out of 0 bytes used by permanent object pool.
[2017.12.07-08.56.53:770][  0]LogUObjectArray: CloseDisregardForGC: 0/0 objects in disregard for GC pool
[2017.12.07-08.56.53:815][  0]LogInit: WinSock: version 1.1 (2.2), MaxSocks=32767, MaxUdp=65467
[2017.12.07-08.56.56:277][  0]LogTcpMessaging: Initializing TcpMessaging bridge
[2017.12.07-08.56.56:320][  0]LogUdpMessaging: Initializing bridge on interface 0.0.0.0:0 to multicast group 230.0.0.1:6666.
[2017.12.07-08.56.57:038][  0]LogMaterial: Uniform references updated for custom material expression Custom.
[2017.12.07-08.56.57:421][  0]SourceControl: Source control is disabled
[2017.12.07-08.56.58:801][  0]LogAndroidPermission: UAndroidPermissionCallbackProxy::GetInstance
[2017.12.07-08.56.59:031][  0]LogOcInput: OculusInput pre-init called
[2017.12.07-08.56.59:277][  0]LogEngine: Initializing Engine...
[2017.12.07-08.56.59:279][  0]LogHMD: Failed to initialize OpenVR with code 110
[2017.12.07-08.56.59:472][  0]LogStats: UGameplayTagsManager::ConstructGameplayTagTree: Construct from data asset -  0.000 s
[2017.12.07-08.56.59:472][  0]LogStats: UGameplayTagsManager::ConstructGameplayTagTree: GameplayTagTreeChangedEvent.Broadcast -  0.000 s
[2017.12.07-08.56.59:581][  0]LogAIModule: Creating AISystem for world Untitled
[2017.12.07-08.56.59:598][  0]LogInit: XAudio2 using 'Speakers (High Definition Audio Device)' : 2 channels at 48 kHz using 16 bits per sample (channel mask 0x3)
[2017.12.07-08.56.59:617][  0]LogInit: FAudioDevice initialized.
[2017.12.07-08.56.59:806][  0]LogDerivedDataCache: Saved boot cache 0.19s 78MB C:/Users/u1148533/AppData/Local/UnrealEngine/4.18/DerivedDataCache/Boot.ddc.
[2017.12.07-08.56.59:824][  0]LogInit: Texture streaming: Enabled
[2017.12.07-08.56.59:909][  0]LogEngineSessionManager: EngineSessionManager initialized
[2017.12.07-08.57.00:015][  0]LogInit: Transaction tracking system initialized
[2017.12.07-08.57.00:275][  0]BlueprintLog: New page: Editor Load
[2017.12.07-08.57.01:022][  0]LocalizationService: Localization service is disabled
[2017.12.07-08.57.01:663][  0]LogConsoleResponse: Display: 
[2017.12.07-08.57.01:822][  0]LogCook: Display: Max memory allowance for cook 16384mb min free memory 0mb
[2017.12.07-08.57.01:822][  0]LogCook: Display: Mobile HDR setting 1
[2017.12.07-08.57.01:822][  0]LogGameplayTags: Display: UGameplayTagsManager::DoneAddingNativeTags. DelegateIsBound: 0
[2017.12.07-08.57.02:545][  0]LogFileCache: Scanning file cache for directory 'C:/Users/u1148533/Desktop/RapidPrototyping/MadCatzv2/Content/' took 0.01s
[2017.12.07-08.57.02:855][  0]Cmd: MAP LOAD FILE="../../../Engine/Content/Maps/Templates/Template_Default.umap" TEMPLATE=1 SHOWPROGRESS=1 FEATURELEVEL=3
[2017.12.07-08.57.02:856][  0]LightingResults: New page: Lighting Build
[2017.12.07-08.57.02:890][  0]MapCheck: New page: Map Check
[2017.12.07-08.57.02:890][  0]LightingResults: New page: Lighting Build
[2017.12.07-08.57.03:087][  0]LogAIModule: Creating AISystem for world Untitled_1
[2017.12.07-08.57.03:092][  0]LogEditorServer: Finished looking for orphan Actors (0.000 secs)
[2017.12.07-08.57.03:102][  0]Cmd: MAP CHECKDEP NOCLEARLOG
[2017.12.07-08.57.03:144][  0]MapCheck: Map check complete: 0 Error(s), 0 Warning(s), took 42.161ms to complete.
[2017.12.07-08.57.03:144][  0]LogFileHelpers: Loading map 'Template_Default' took 0.289
[2017.12.07-08.57.03:288][  0]LogCollectionManager: Loaded 0 collections in 0.001738 seconds
[2017.12.07-08.57.03:371][  0]LogFileCache: Scanning file cache for directory 'C:/Users/u1148533/Desktop/RapidPrototyping/MadCatzv2/Saved/Collections/' took 0.01s
[2017.12.07-08.57.03:371][  0]LogFileCache: Scanning file cache for directory 'C:/Users/u1148533/Desktop/RapidPrototyping/MadCatzv2/Content/Developers/u1148533/Collections/' took 0.01s
[2017.12.07-08.57.03:371][  0]LogFileCache: Scanning file cache for directory 'C:/Users/u1148533/Desktop/RapidPrototyping/MadCatzv2/Content/Collections/' took 0.01s
[2017.12.07-08.57.03:371][  0]LogCollectionManager: Rebuilt the GUID cache for 0 collections in 0.000001 seconds
[2017.12.07-08.57.03:379][  0]LogContentBrowser: Native class hierarchy populated in 0.0075 seconds. Added 2372 classes and 524 folders.
[2017.12.07-08.57.03:436][  0]LogContentBrowser: Native class hierarchy updated for 'WidgetCarousel' in 0.0002 seconds. Added 0 classes and 0 folders.
[2017.12.07-08.57.03:471][  0]LogContentBrowser: Native class hierarchy updated for 'AddContentDialog' in 0.0002 seconds. Added 0 classes and 0 folders.
[2017.12.07-08.57.03:508][  0]LogContentBrowser: Native class hierarchy updated for 'SceneOutliner' in 0.0002 seconds. Added 1 classes and 2 folders.
[2017.12.07-08.57.03:523][  0]LogSlate: Took 0.000277 seconds to synchronously load lazily loaded font '../../../Engine/Content/Slate/Fonts/Roboto-Regular.ttf' (155K)
[2017.12.07-08.57.03:526][  0]LogSlate: Took 0.000266 seconds to synchronously load lazily loaded font '../../../Engine/Content/Slate/Fonts/Roboto-Bold.ttf' (160K)
[2017.12.07-08.57.03:531][  0]LogSlate: Took 0.000157 seconds to synchronously load lazily loaded font '../../../Engine/Content/Editor/Slate/Fonts/FontAwesome.ttf' (139K)
[2017.12.07-08.57.03:619][  0]LogRenderer: Reallocating scene render targets to support 1224x640 Format 10 NumSamples 1 (Frame:1).
[2017.12.07-08.57.03:748][  0]LogContentBrowser: Native class hierarchy updated for 'HierarchicalLODOutliner' in 0.0002 seconds. Added 1 classes and 2 folders.
[2017.12.07-08.57.03:748][  0]LogLoad: (Engine Initialization) Total time: 17.22 seconds
[2017.12.07-08.57.03:748][  0]LogLoad: (Engine Initialization) Total Blueprint compile time: 0.00 seconds
[2017.12.07-08.57.03:748][  0]LogExternalProfiler: Found external profiler: VSPerf
[2017.12.07-08.57.03:748][  0]LogExternalProfiler: Using external profiler: VSPerf
[2017.12.07-08.57.03:759][  0]LogWindowsTextInputMethodSystem: Display: IME system now deactivated.
[2017.12.07-08.57.03:790][  0]SourceControl: On branch dev
[2017.12.07-08.57.03:790][  0]SourceControl: Your branch is up-to-date with 'origin/dev'.
[2017.12.07-08.57.03:790][  0]SourceControl: Changes not staged for commit:
[2017.12.07-08.57.03:790][  0]SourceControl:   (use "git add <file>..." to update what will be committed)
[2017.12.07-08.57.03:790][  0]SourceControl:   (use "git checkout -- <file>..." to discard changes in working directory)
[2017.12.07-08.57.03:790][  0]SourceControl: 	modified:   Intermediate/CachedAssetRegistry.bin
[2017.12.07-08.57.03:790][  0]SourceControl: 	modified:   Saved/Config/Windows/Editor.ini
[2017.12.07-08.57.03:790][  0]SourceControl: 	modified:   Saved/Config/Windows/Engine.ini
[2017.12.07-08.57.03:790][  0]SourceControl: 	modified:   Saved/Logs/MadCatzv2.log
[2017.12.07-08.57.03:790][  0]SourceControl: no changes added to commit (use "git add" and/or "git commit -a")
[2017.12.07-08.57.03:790][  0]LogContentStreaming: Texture pool size now 1000 MB
[2017.12.07-08.57.03:825][  0]LogSlate: Took 0.000151 seconds to synchronously load lazily loaded font '../../../Engine/Content/Slate/Fonts/Roboto-Light.ttf' (159K)
[2017.12.07-08.57.03:842][  1]LogFileCache: Retrieving MD5 hashes for directory 'C:/Users/u1148533/Desktop/RapidPrototyping/MadCatzv2/Content/' took 0.07s
[2017.12.07-08.57.03:849][  1]LogAssetRegistry: Asset discovery search completed in 10.5669 seconds
[2017.12.07-08.57.03:851][  1]LogCollectionManager: Rebuilt the object cache for 0 collections in 0.000000 seconds (found 0 objects)
[2017.12.07-08.57.03:851][  1]LogCollectionManager: Fixed up redirectors for 0 collections in 0.000042 seconds (updated 0 objects)
[2017.12.07-08.57.12:934][151]LogSlate: Took 0.000145 seconds to synchronously load lazily loaded font '../../../Engine/Content/Slate/Fonts/Roboto-Light.ttf' (159K)
[2017.12.07-08.57.13:318][151]LogAIModule: Creating AISystem for world MainGame
[2017.12.07-08.57.13:339][151]Cmd: MAP LOAD FILE="../../../../../../Users/u1148533/Desktop/RapidPrototyping/MadCatzv2/Content/Levels/MainGame.umap" TEMPLATE=0 SHOWPROGRESS=1 FEATURELEVEL=3
[2017.12.07-08.57.13:340][151]LightingResults: New page: Lighting Build
[2017.12.07-08.57.13:340][151]LoadErrors: New page: Loading map: MainGame.umap
[2017.12.07-08.57.13:340][151]MapCheck: New page: Map Check
[2017.12.07-08.57.13:340][151]LightingResults: New page: Lighting Build
[2017.12.07-08.57.13:356][151]LogEditorServer: Finished looking for orphan Actors (0.000 secs)
[2017.12.07-08.57.13:394][151]Cmd: MAP CHECKDEP NOCLEARLOG
[2017.12.07-08.57.13:446][151]MapCheck: Map check complete: 0 Error(s), 0 Warning(s), took 52.511ms to complete.
[2017.12.07-08.57.13:447][151]LogFileHelpers: Loading map 'MainGame' took 0.108
[2017.12.07-08.57.16:265][485]LogTemp: Repeating last play command: Selected Viewport
[2017.12.07-08.57.16:313][485]LogPlayLevel: PlayLevel: No blueprints needed recompiling
[2017.12.07-08.57.16:313][485]PIE: New page: PIE session: MainGame (Dec 6, 2017, 6:57:16 PM)
[2017.12.07-08.57.16:313][485]LogPlayLevel: Creating play world package: /Game/Levels/UEDPIE_0_MainGame
[2017.12.07-08.57.16:317][485]LogPlayLevel: PIE: StaticDuplicateObject took: (0.004098s)
[2017.12.07-08.57.16:318][485]LogAIModule: Creating AISystem for world MainGame
[2017.12.07-08.57.16:318][485]LogPlayLevel: PIE: World Init took: (0.001050s)
[2017.12.07-08.57.16:319][485]LogPlayLevel: PIE: Created PIE world by copying editor world from /Game/Levels/MainGame.MainGame to /Game/Levels/UEDPIE_0_MainGame.MainGame (0.005462s)
[2017.12.07-08.57.16:342][485]LogInit: XAudio2 using 'Speakers (High Definition Audio Device)' : 2 channels at 48 kHz using 16 bits per sample (channel mask 0x3)
[2017.12.07-08.57.16:348][485]LogInit: FAudioDevice initialized.
[2017.12.07-08.57.16:544][485]LogMaterial: Missing cached shader map for material bark, compiling. 
[2017.12.07-08.57.16:763][485]LogLoad: Game class is 'GameMode_BP_C'
[2017.12.07-08.57.16:765][485]LogWorld: Bringing World /Game/Levels/UEDPIE_0_MainGame.MainGame up for play (max tick rate 0) at 2017.12.07-01.57.16
[2017.12.07-08.57.16:765][485]LogWorld: Bringing up level for play took: 0.000909
[2017.12.07-08.57.16:815][485]LogContentBrowser: Native class hierarchy updated for 'MovieSceneCapture' in 0.0004 seconds. Added 11 classes and 0 folders.
[2017.12.07-08.57.16:885][485]PIE: Play in editor start time for /Game/Levels/UEDPIE_0_MainGame -0.312
[2017.12.07-08.57.33:640][411]LogWindowsTextInputMethodSystem: Display: IME system now deactivated.
[2017.12.07-08.57.33:811][412]Cmd: QUIT_EDITOR
[2017.12.07-08.57.34:413][412]LogExit: Preparing to exit.
[2017.12.07-08.57.35:348][412]LogDirectoryWatcher: A directory notification for 'C:/Users/u1148533/Desktop/RapidPrototyping/MadCatzv2/Content/' was aborted.
[2017.12.07-08.57.35:370][412]LogExit: Editor shut down
[2017.12.07-08.57.35:372][412]LogExit: Transaction tracking system shut down
[2017.12.07-08.57.35:519][412]LogDirectoryWatcher: A directory notification for '../../../Engine/Content/' was aborted.
[2017.12.07-08.57.35:519][412]LogDirectoryWatcher: A directory notification for '../../../../../../Users/u1148533/Desktop/RapidPrototyping/MadCatzv2/Content/' was aborted.
[2017.12.07-08.57.35:519][412]LogDirectoryWatcher: A directory notification for '../../../Engine/Plugins/2D/Paper2D/Content/' was aborted.
[2017.12.07-08.57.35:519][412]LogDirectoryWatcher: A directory notification for '../../../Engine/Plugins/Media/MediaCompositing/Content/' was aborted.
[2017.12.07-08.57.35:519][412]LogDirectoryWatcher: A directory notification for '../../../Engine/Plugins/Runtime/AppleARKit/Content/' was aborted.
[2017.12.07-08.57.35:519][412]LogDirectoryWatcher: A directory notification for '../../../Engine/Plugins/Runtime/Oculus/OculusVR/Content/' was aborted.
[2017.12.07-08.57.35:519][412]LogDirectoryWatcher: A directory notification for '../../../Engine/Plugins/Runtime/Steam/SteamVR/Content/' was aborted.
[2017.12.07-08.57.35:557][412]LogExit: Object subsystem successfully closed.
[2017.12.07-08.57.35:572][412]LogD3D11RHI: Shutdown
[2017.12.07-08.57.35:572][412]LogD3D11RHI: CleanupD3DDevice
[2017.12.07-08.57.35:573][412]LogD3D11RHI: ~FD3D11DynamicRHI
[2017.12.07-08.57.35:589][412]LogModuleManager: Shutting down and abandoning module MovieSceneCapture (556)
[2017.12.07-08.57.35:589][412]LogModuleManager: Shutting down and abandoning module HierarchicalLODOutliner (554)
[2017.12.07-08.57.35:589][412]LogModuleManager: Shutting down and abandoning module SceneOutliner (552)
[2017.12.07-08.57.35:589][412]LogModuleManager: Shutting down and abandoning module AddContentDialog (550)
[2017.12.07-08.57.35:589][412]LogDirectoryWatcher: A directory notification for 'C:/Program Files/Epic Games/UE_4.18/FeaturePacks/' was aborted.
[2017.12.07-08.57.35:589][412]LogModuleManager: Shutting down and abandoning module WidgetCarousel (549)
[2017.12.07-08.57.35:589][412]LogModuleManager: Shutting down and abandoning module EditorWidgets (546)
[2017.12.07-08.57.35:589][412]LogModuleManager: Shutting down and abandoning module CollectionManager (544)
[2017.12.07-08.57.35:589][412]LogDirectoryWatcher: A directory notification for 'C:/Users/u1148533/Desktop/RapidPrototyping/MadCatzv2/Content/Collections/' was aborted.
[2017.12.07-08.57.35:590][412]LogDirectoryWatcher: A directory notification for 'C:/Users/u1148533/Desktop/RapidPrototyping/MadCatzv2/Content/Developers/u1148533/Collections/' was aborted.
[2017.12.07-08.57.35:590][412]LogDirectoryWatcher: A directory notification for 'C:/Users/u1148533/Desktop/RapidPrototyping/MadCatzv2/Saved/Collections/' was aborted.
[2017.12.07-08.57.35:590][412]LogModuleManager: Shutting down and abandoning module HierarchicalLODUtilities (542)
[2017.12.07-08.57.35:590][412]LogModuleManager: Shutting down and abandoning module StatsViewer (540)
[2017.12.07-08.57.35:590][412]LogModuleManager: Shutting down and abandoning module FoliageEdit (538)
[2017.12.07-08.57.35:590][412]LogModuleManager: Shutting down and abandoning module LandscapeEditor (536)
[2017.12.07-08.57.35:590][412]LogModuleManager: Shutting down and abandoning module MeshPaintMode (534)
[2017.12.07-08.57.35:590][412]LogModuleManager: Shutting down and abandoning module SceneDepthPickerMode (532)
[2017.12.07-08.57.35:590][412]LogModuleManager: Shutting down and abandoning module ActorPickerMode (530)
[2017.12.07-08.57.35:590][412]LogModuleManager: Shutting down and abandoning module GeometryMode (528)
[2017.12.07-08.57.35:590][412]LogModuleManager: Shutting down and abandoning module TextureAlignMode (526)
[2017.12.07-08.57.35:590][412]LogModuleManager: Shutting down and abandoning module BspMode (524)
[2017.12.07-08.57.35:590][412]LogModuleManager: Shutting down and abandoning module PIEPreviewDeviceProfileSelector (522)
[2017.12.07-08.57.35:590][412]LogModuleManager: Shutting down and abandoning module HardwareSurvey (520)
[2017.12.07-08.57.35:590][412]LogModuleManager: Shutting down and abandoning module SequenceRecorderSections (518)
[2017.12.07-08.57.35:590][412]LogModuleManager: Shutting down and abandoning module AutomationWorker (516)
[2017.12.07-08.57.35:590][412]LogModuleManager: Shutting down and abandoning module MatineeToLevelSequence (514)
[2017.12.07-08.57.35:590][412]LogModuleManager: Shutting down and abandoning module LevelSequenceEditor (512)
[2017.12.07-08.57.35:590][412]LogModuleManager: Shutting down and abandoning module PlacementMode (511)
[2017.12.07-08.57.35:590][412]LogModuleManager: Shutting down and abandoning module WmfMediaFactory (508)
[2017.12.07-08.57.35:590][412]LogModuleManager: Shutting down and abandoning module WmfMediaEditor (506)
[2017.12.07-08.57.35:590][412]LogModuleManager: Shutting down and abandoning module OpenExrWrapper (504)
[2017.12.07-08.57.35:590][412]LogModuleManager: Shutting down and abandoning module ImgMediaFactory (502)
[2017.12.07-08.57.35:590][412]LogModuleManager: Shutting down and abandoning module ImgMediaEditor (500)
[2017.12.07-08.57.35:590][412]LogModuleManager: Shutting down and abandoning module AvfMediaFactory (498)
[2017.12.07-08.57.35:590][412]LogModuleManager: Shutting down and abandoning module AvfMediaEditor (496)
[2017.12.07-08.57.35:590][412]LogModuleManager: Shutting down and abandoning module AndroidMediaFactory (494)
[2017.12.07-08.57.35:590][412]LogModuleManager: Shutting down and abandoning module AndroidMediaEditor (492)
[2017.12.07-08.57.35:590][412]LogModuleManager: Shutting down and abandoning module CharacterAI (490)
[2017.12.07-08.57.35:590][412]LogModuleManager: Shutting down and abandoning module AudioCapture (488)
[2017.12.07-08.57.35:590][412]LogModuleManager: Shutting down and abandoning module SequenceRecorder (487)
[2017.12.07-08.57.35:590][412]LogModuleManager: Shutting down and abandoning module SmartSnapping (484)
[2017.12.07-08.57.35:590][412]LogModuleManager: Shutting down and abandoning module SessionServices (482)
[2017.12.07-08.57.35:590][412]LogModuleManager: Shutting down and abandoning module ViewportSnapping (480)
[2017.12.07-08.57.35:590][412]LogModuleManager: Shutting down and abandoning module ViewportInteraction (478)
[2017.12.07-08.57.35:590][412]LogModuleManager: Shutting down and abandoning module ClothPainter (476)
[2017.12.07-08.57.35:590][412]LogModuleManager: Shutting down and abandoning module SkeletalMeshEditor (475)
[2017.12.07-08.57.35:590][412]LogModuleManager: Shutting down and abandoning module LogVisualizer (472)
[2017.12.07-08.57.35:590][412]LogModuleManager: Shutting down and abandoning module IntroTutorials (470)
[2017.12.07-08.57.35:590][412]LogModuleManager: Shutting down and abandoning module GameProjectGeneration (469)
[2017.12.07-08.57.35:590][412]LogModuleManager: Shutting down and abandoning module IOSPlatformEditor (466)
[2017.12.07-08.57.35:590][412]LogModuleManager: Shutting down and abandoning module HTML5PlatformEditor (464)
[2017.12.07-08.57.35:590][412]LogModuleManager: Shutting down and abandoning module AndroidPlatformEditor (462)
[2017.12.07-08.57.35:590][412]LogModuleManager: Shutting down and abandoning module AndroidDeviceDetection (461)
[2017.12.07-08.57.36:357][412]LogModuleManager: Shutting down and abandoning module WindowsPlatformEditor (458)
[2017.12.07-08.57.36:357][412]LogModuleManager: Shutting down and abandoning module IOSRuntimeSettings (456)
[2017.12.07-08.57.36:357][412]LogModuleManager: Shutting down and abandoning module AndroidRuntimeSettings (454)
[2017.12.07-08.57.36:357][412]LogModuleManager: Shutting down and abandoning module InputBindingEditor (452)
[2017.12.07-08.57.36:357][412]LogModuleManager: Shutting down and abandoning module MergeActors (450)
[2017.12.07-08.57.36:357][412]LogModuleManager: Shutting down and abandoning module SizeMap (448)
[2017.12.07-08.57.36:357][412]LogModuleManager: Shutting down and abandoning module TreeMap (446)
[2017.12.07-08.57.36:357][412]LogModuleManager: Shutting down and abandoning module ReferenceViewer (444)
[2017.12.07-08.57.36:357][412]LogModuleManager: Shutting down and abandoning module LocalizationDashboard (442)
[2017.12.07-08.57.36:357][412]LogModuleManager: Shutting down and abandoning module LocalizationService (441)
[2017.12.07-08.57.36:357][412]LogModuleManager: Shutting down and abandoning module HardwareTargeting (438)
[2017.12.07-08.57.36:357][412]LogModuleManager: Shutting down and abandoning module DeviceProfileEditor (436)
[2017.12.07-08.57.36:357][412]LogModuleManager: Shutting down and abandoning module UndoHistory (434)
[2017.12.07-08.57.36:357][412]LogModuleManager: Shutting down and abandoning module XmlParser (432)
[2017.12.07-08.57.36:357][412]LogModuleManager: Shutting down and abandoning module Blutility (430)
[2017.12.07-08.57.36:357][412]LogModuleManager: Shutting down and abandoning module ProjectSettingsViewer (428)
[2017.12.07-08.57.36:357][412]LogModuleManager: Shutting down and abandoning module ProjectTargetPlatformEditor (427)
[2017.12.07-08.57.36:358][412]LogModuleManager: Shutting down and abandoning module EditorSettingsViewer (424)
[2017.12.07-08.57.36:358][412]LogModuleManager: Shutting down and abandoning module SettingsEditor (422)
[2017.12.07-08.57.36:358][412]LogModuleManager: Shutting down and abandoning module ProjectLauncher (420)
[2017.12.07-08.57.36:358][412]LogModuleManager: Shutting down and abandoning module SessionFrontend (418)
[2017.12.07-08.57.36:358][412]LogModuleManager: Shutting down and abandoning module ProfilerClient (416)
[2017.12.07-08.57.36:358][412]LogModuleManager: Shutting down and abandoning module DeviceManager (414)
[2017.12.07-08.57.36:358][412]LogModuleManager: Shutting down and abandoning module TargetDeviceServices (413)
[2017.12.07-08.57.36:424][412]LogModuleManager: Shutting down and abandoning module AutomationController (410)
[2017.12.07-08.57.36:424][412]LogModuleManager: Shutting down and abandoning module AutomationWindow (408)
[2017.12.07-08.57.36:424][412]LogModuleManager: Shutting down and abandoning module Layers (406)
[2017.12.07-08.57.36:424][412]LogModuleManager: Shutting down and abandoning module ComponentVisualizers (404)
[2017.12.07-08.57.36:424][412]LogModuleManager: Shutting down and abandoning module DetailCustomizations (402)
[2017.12.07-08.57.36:424][412]LogModuleManager: Shutting down and abandoning module PackagesDialog (400)
[2017.12.07-08.57.36:424][412]LogModuleManager: Shutting down and abandoning module Persona (398)
[2017.12.07-08.57.36:424][412]LogModuleManager: Shutting down and abandoning module AdvancedPreviewScene (397)
[2017.12.07-08.57.36:424][412]LogModuleManager: Shutting down and abandoning module AnimGraph (395)
[2017.12.07-08.57.36:424][412]LogModuleManager: Shutting down and abandoning module Kismet (392)
[2017.12.07-08.57.36:425][412]LogModuleManager: Shutting down and abandoning module ClassViewer (390)
[2017.12.07-08.57.36:426][412]LogModuleManager: Shutting down and abandoning module Toolbox (388)
[2017.12.07-08.57.36:426][412]LogModuleManager: Shutting down and abandoning module ModuleUI (386)
[2017.12.07-08.57.36:426][412]LogModuleManager: Shutting down and abandoning module MovieSceneTools (384)
[2017.12.07-08.57.36:426][412]LogModuleManager: Shutting down and abandoning module OutputLog (382)
[2017.12.07-08.57.36:426][412]LogModuleManager: Shutting down and abandoning module GammaUI (380)
[2017.12.07-08.57.36:426][412]LogModuleManager: Shutting down and abandoning module Documentation (378)
[2017.12.07-08.57.36:426][412]LogModuleManager: Shutting down and abandoning module MovieSceneTracks (376)
[2017.12.07-08.57.36:426][412]LogModuleManager: Shutting down and abandoning module MovieScene (374)
[2017.12.07-08.57.36:426][412]LogModuleManager: Shutting down and abandoning module StreamingPauseRendering (372)
[2017.12.07-08.57.36:426][412]LogModuleManager: Shutting down and abandoning module LauncherPlatform (370)
[2017.12.07-08.57.36:426][412]LogModuleManager: Shutting down and abandoning module AnalyticsET (368)
[2017.12.07-08.57.36:426][412]LogModuleManager: Shutting down and abandoning module PortalServices (366)
[2017.12.07-08.57.36:426][412]LogModuleManager: Shutting down and abandoning module PortalRpc (364)
[2017.12.07-08.57.36:426][412]LogModuleManager: Shutting down and abandoning module MessagingRpc (362)
[2017.12.07-08.57.36:426][412]LogModuleManager: Shutting down and abandoning module AIModule (360)
[2017.12.07-08.57.36:426][412]LogModuleManager: Shutting down and abandoning module GameplayDebugger (359)
[2017.12.07-08.57.36:426][412]LogModuleManager: Shutting down and abandoning module AITestSuite (357)
[2017.12.07-08.57.36:426][412]LogModuleManager: Shutting down and abandoning module DesktopPlatform (354)
[2017.12.07-08.57.36:426][412]LogModuleManager: Shutting down and abandoning module ProfilerService (352)
[2017.12.07-08.57.36:518][412]LogModuleManager: Shutting down and abandoning module TaskGraph (350)
[2017.12.07-08.57.36:518][412]LogModuleManager: Shutting down and abandoning module SteamVRController (348)
[2017.12.07-08.57.36:518][412]LogModuleManager: Shutting down and abandoning module ProceduralMeshComponentEditor (346)
[2017.12.07-08.57.36:518][412]LogModuleManager: Shutting down and abandoning module ProceduralMeshComponent (344)
[2017.12.07-08.57.36:518][412]LogModuleManager: Shutting down and abandoning module OculusInput (342)
[2017.12.07-08.57.36:518][412]LogModuleManager: Shutting down and abandoning module MobilePatchingUtils (340)
[2017.12.07-08.57.36:518][412]LogModuleManager: Shutting down and abandoning module CustomMeshComponent (338)
[2017.12.07-08.57.36:518][412]LogModuleManager: Shutting down and abandoning module CableComponent (336)
[2017.12.07-08.57.36:518][412]LogModuleManager: Shutting down and abandoning module ArchVisCharacter (334)
[2017.12.07-08.57.36:518][412]LogModuleManager: Shutting down and abandoning module AndroidPermission (332)
[2017.12.07-08.57.36:518][412]LogModuleManager: Shutting down and abandoning module ActorSequence (328)
[2017.12.07-08.57.36:518][412]LogModuleManager: Shutting down and abandoning module MediaPlayerEditor (326)
[2017.12.07-08.57.36:518][412]LogModuleManager: Shutting down and abandoning module MediaCompositingEditor (324)
[2017.12.07-08.57.36:518][412]LogModuleManager: Shutting down and abandoning module MediaCompositing (322)
[2017.12.07-08.57.36:518][412]LogModuleManager: Shutting down and abandoning module HTML5Networking (320)
[2017.12.07-08.57.36:518][412]LogModuleManager: Shutting down and abandoning module AlembicImporter (318)
[2017.12.07-08.57.36:518][412]LogModuleManager: Shutting down and abandoning module AlembicLibrary (317)
[2017.12.07-08.57.36:518][412]LogModuleManager: Shutting down and abandoning module GeometryCache (316)
[2017.12.07-08.57.36:518][412]LogModuleManager: Shutting down and abandoning module GeometryCacheEd (315)
[2017.12.07-08.57.36:519][412]LogModuleManager: Shutting down and abandoning module SpeedTreeImporter (310)
[2017.12.07-08.57.36:519][412]LogModuleManager: Shutting down and abandoning module PluginBrowser (308)
[2017.12.07-08.57.36:519][412]LogModuleManager: Shutting down and abandoning module MobileLauncherProfileWizard (306)
[2017.12.07-08.57.36:519][412]LogModuleManager: Shutting down and abandoning module VisualStudioSourceCodeAccess (304)
[2017.12.07-08.57.36:519][412]LogModuleManager: Shutting down and abandoning module VisualStudioCodeSourceCodeAccess (302)
[2017.12.07-08.57.36:519][412]LogModuleManager: Shutting down and abandoning module UObjectPlugin (300)
[2017.12.07-08.57.36:519][412]LogModuleManager: Shutting down and abandoning module SubversionSourceControl (298)
[2017.12.07-08.57.36:519][412]LogModuleManager: Shutting down and abandoning module PerforceSourceControl (296)
[2017.12.07-08.57.36:519][412]LogModuleManager: Shutting down and abandoning module GitSourceControl (294)
[2017.12.07-08.57.36:519][412]LogModuleManager: Shutting down and abandoning module SourceControl (293)
[2017.12.07-08.57.36:519][412]LogModuleManager: Shutting down and abandoning module LightPropagationVolumeEditor (290)
[2017.12.07-08.57.36:519][412]LogModuleManager: Shutting down and abandoning module PaperTiledImporter (288)
[2017.12.07-08.57.36:519][412]LogModuleManager: Shutting down and abandoning module PaperSpriteSheetImporter (286)
[2017.12.07-08.57.36:519][412]LogModuleManager: Shutting down and abandoning module Paper2DEditor (284)
[2017.12.07-08.57.36:519][412]LogModuleManager: Shutting down and abandoning module MeshPaint (283)
[2017.12.07-08.57.36:519][412]LogModuleManager: Shutting down and abandoning module LevelEditor (281)
[2017.12.07-08.57.36:520][412]LogModuleManager: Shutting down and abandoning module PixelInspectorModule (280)
[2017.12.07-08.57.36:520][412]LogModuleManager: Shutting down and abandoning module MainFrame (278)
[2017.12.07-08.57.36:520][412]LogModuleManager: Shutting down and abandoning module HotReload (277)
[2017.12.07-08.57.36:520][412]LogModuleManager: Shutting down and abandoning module RuntimePhysXCooking (272)
[2017.12.07-08.57.36:520][412]LogModuleManager: Shutting down and abandoning module PhysXVehiclesEditor (270)
[2017.12.07-08.57.36:520][412]LogModuleManager: Shutting down and abandoning module PhysXVehicles (268)
[2017.12.07-08.57.36:520][412]LogModuleManager: Shutting down and abandoning module OculusEditor (266)
[2017.12.07-08.57.36:520][412]LogModuleManager: Shutting down and abandoning module LocationServicesBPLibrary (264)
[2017.12.07-08.57.36:520][412]LogModuleManager: Shutting down and abandoning module ImmediatePhysicsEditor (262)
[2017.12.07-08.57.36:520][412]LogModuleManager: Shutting down and abandoning module ImmediatePhysics (260)
[2017.12.07-08.57.36:520][412]LogModuleManager: Shutting down and abandoning module ApexDestructionEditor (258)
[2017.12.07-08.57.36:520][412]LogModuleManager: Shutting down and abandoning module ApexDestruction (256)
[2017.12.07-08.57.36:520][412]LogModuleManager: Shutting down and abandoning module UdpMessaging (254)
[2017.12.07-08.57.36:622][412]LogModuleManager: Shutting down and abandoning module TcpMessaging (252)
[2017.12.07-08.57.36:722][412]LogModuleManager: Shutting down and abandoning module GameplayTagsEditor (250)
[2017.12.07-08.57.36:722][412]LogModuleManager: Shutting down and abandoning module FacialAnimationEditor (248)
[2017.12.07-08.57.36:722][412]LogModuleManager: Shutting down and abandoning module FacialAnimation (246)
[2017.12.07-08.57.36:722][412]LogModuleManager: Shutting down and abandoning module AssetManagerEditor (244)
[2017.12.07-08.57.36:722][412]LogModuleManager: Shutting down and abandoning module GraphEditor (243)
[2017.12.07-08.57.36:722][412]LogModuleManager: Shutting down and abandoning module ContentBrowser (241)
[2017.12.07-08.57.36:723][412]LogModuleManager: Shutting down and abandoning module LightPropagationVolumeRuntime (238)
[2017.12.07-08.57.36:723][412]LogModuleManager: Shutting down and abandoning module Paper2D (236)
[2017.12.07-08.57.36:723][412]LogModuleManager: Shutting down and abandoning module WindowsMoviePlayer (234)
[2017.12.07-08.57.36:723][412]LogModuleManager: Shutting down and abandoning module WmfMedia (232)
[2017.12.07-08.57.36:723][412]LogModuleManager: Shutting down and abandoning module ImgMedia (230)
[2017.12.07-08.57.36:723][412]LogModuleManager: Shutting down and abandoning module PacketHandler (228)
[2017.12.07-08.57.36:723][412]LogModuleManager: Shutting down and abandoning module ClothingSystemEditor (226)
[2017.12.07-08.57.36:723][412]LogModuleManager: Shutting down and abandoning module ClothingSystemRuntime (224)
[2017.12.07-08.57.36:723][412]LogModuleManager: Shutting down and abandoning module MediaAssets (222)
[2017.12.07-08.57.36:723][412]LogModuleManager: Shutting down and abandoning module Media (221)
[2017.12.07-08.57.36:729][412]LogModuleManager: Shutting down and abandoning module Overlay (218)
[2017.12.07-08.57.36:729][412]LogModuleManager: Shutting down and abandoning module OverlayEditor (217)
[2017.12.07-08.57.36:729][412]LogModuleManager: Shutting down and abandoning module VREditor (214)
[2017.12.07-08.57.36:729][412]LogModuleManager: Shutting down and abandoning module StringTableEditor (212)
[2017.12.07-08.57.36:729][412]LogModuleManager: Shutting down and abandoning module GameplayTasksEditor (210)
[2017.12.07-08.57.36:729][412]LogModuleManager: Shutting down and abandoning module BehaviorTreeEditor (208)
[2017.12.07-08.57.36:729][412]LogModuleManager: Shutting down and abandoning module FunctionalTesting (206)
[2017.12.07-08.57.36:729][412]LogModuleManager: Shutting down and abandoning module CollisionAnalyzer (204)
[2017.12.07-08.57.36:729][412]LogModuleManager: Shutting down and abandoning module WorkspaceMenuStructure (203)
[2017.12.07-08.57.36:729][412]LogModuleManager: Shutting down and abandoning module UMG (200)
[2017.12.07-08.57.36:729][412]LogModuleManager: Shutting down and abandoning module UMGEditor (199)
[2017.12.07-08.57.36:729][412]LogModuleManager: Shutting down and abandoning module Sequencer (198)
[2017.12.07-08.57.36:729][412]LogModuleManager: Shutting down and abandoning module MessageLog (195)
[2017.12.07-08.57.36:729][412]LogModuleManager: Shutting down and abandoning module SlateReflector (190)
[2017.12.07-08.57.36:729][412]LogModuleManager: Shutting down and abandoning module Slate (188)
[2017.12.07-08.57.36:729][412]LogModuleManager: Shutting down and abandoning module EditorStyle (186)
[2017.12.07-08.57.36:731][412]LogModuleManager: Shutting down and abandoning module MRMesh (184)
[2017.12.07-08.57.36:731][412]LogModuleManager: Shutting down and abandoning module SourceCodeAccess (182)
[2017.12.07-08.57.36:731][412]LogModuleManager: Shutting down and abandoning module HeadMountedDisplay (180)
[2017.12.07-08.57.36:731][412]LogModuleManager: Shutting down and abandoning module XAudio2 (178)
[2017.12.07-08.57.36:731][412]LogModuleManager: Shutting down and abandoning module Networking (176)
[2017.12.07-08.57.36:731][412]LogModuleManager: Shutting down and abandoning module Core (172)
[2017.12.07-08.57.36:731][412]LogModuleManager: Shutting down and abandoning module LevelSequence (168)
[2017.12.07-08.57.36:731][412]LogModuleManager: Shutting down and abandoning module DirectoryWatcher (166)
[2017.12.07-08.57.36:732][412]LogModuleManager: Shutting down and abandoning module KismetCompiler (164)
[2017.12.07-08.57.36:732][412]LogModuleManager: Shutting down and abandoning module MeshUtilities (162)
[2017.12.07-08.57.36:732][412]LogModuleManager: Shutting down and abandoning module MeshMergeUtilities (161)
[2017.12.07-08.57.36:732][412]LogModuleManager: Shutting down and abandoning module MeshReductionInterface (160)
[2017.12.07-08.57.36:732][412]LogModuleManager: Shutting down and abandoning module SimplygonSwarm (159)
[2017.12.07-08.57.36:732][412]LogModuleManager: Shutting down and abandoning module SimplygonMeshReduction (157)
[2017.12.07-08.57.36:732][412]LogModuleManager: Shutting down and abandoning module QuadricMeshReduction (155)
[2017.12.07-08.57.36:732][412]LogModuleManager: Shutting down and abandoning module MaterialBaking (151)
[2017.12.07-08.57.36:732][412]LogModuleManager: Shutting down and abandoning module DerivedDataCache (148)
[2017.12.07-08.57.36:998][412]LogDerivedDataCache: Shutdown
[2017.12.07-08.57.36:998][412]LogModuleManager: Shutting down and abandoning module TargetPlatform (146)
[2017.12.07-08.57.36:998][412]LogModuleManager: Shutting down and abandoning module VulkanShaderFormat (145)
[2017.12.07-08.57.36:998][412]LogModuleManager: Shutting down and abandoning module ShaderFormatVectorVM (143)
[2017.12.07-08.57.36:998][412]LogModuleManager: Shutting down and abandoning module ShaderFormatOpenGL (141)
[2017.12.07-08.57.36:998][412]LogModuleManager: Shutting down and abandoning module ShaderFormatD3D (139)
[2017.12.07-08.57.36:998][412]LogModuleManager: Shutting down and abandoning module MetalShaderFormat (137)
[2017.12.07-08.57.36:998][412]LogModuleManager: Shutting down and abandoning module TextureFormatUncompressed (135)
[2017.12.07-08.57.36:998][412]LogModuleManager: Shutting down and abandoning module TextureFormatPVR (133)
[2017.12.07-08.57.36:998][412]LogModuleManager: Shutting down and abandoning module TextureFormatDXT (131)
[2017.12.07-08.57.36:999][412]LogModuleManager: Shutting down and abandoning module TextureFormatIntelISPCTexComp (129)
[2017.12.07-08.57.36:999][412]LogModuleManager: Shutting down and abandoning module TextureFormatASTC (127)
[2017.12.07-08.57.36:999][412]LogModuleManager: Shutting down and abandoning module ImageWrapper (126)
[2017.12.07-08.57.36:999][412]LogModuleManager: Shutting down and abandoning module TextureFormatAndroid (123)
[2017.12.07-08.57.36:999][412]LogModuleManager: Shutting down and abandoning module AudioFormatOpus (121)
[2017.12.07-08.57.36:999][412]LogModuleManager: Shutting down and abandoning module AudioFormatOgg (119)
[2017.12.07-08.57.36:999][412]LogModuleManager: Shutting down and abandoning module AudioFormatADPCM (117)
[2017.12.07-08.57.36:999][412]LogModuleManager: Shutting down and abandoning module LinuxTargetPlatform (115)
[2017.12.07-08.57.36:999][412]LogModuleManager: Shutting down and abandoning module LinuxServerTargetPlatform (113)
[2017.12.07-08.57.36:999][412]LogModuleManager: Shutting down and abandoning module LinuxNoEditorTargetPlatform (111)
[2017.12.07-08.57.36:999][412]LogModuleManager: Shutting down and abandoning module LinuxClientTargetPlatform (109)
[2017.12.07-08.57.36:999][412]LogModuleManager: Shutting down and abandoning module TVOSTargetPlatform (107)
[2017.12.07-08.57.36:999][412]LogModuleManager: Shutting down and abandoning module Messaging (105)
[2017.12.07-08.57.36:999][412]LogModuleManager: Shutting down and abandoning module IOSTargetPlatform (103)
[2017.12.07-08.57.36:999][412]LogModuleManager: Shutting down and abandoning module HTML5TargetPlatform (101)
[2017.12.07-08.57.36:999][412]LogModuleManager: Shutting down and abandoning module AndroidTargetPlatform (99)
[2017.12.07-08.57.36:999][412]LogModuleManager: Shutting down and abandoning module Android_PVRTCTargetPlatform (97)
[2017.12.07-08.57.36:999][412]LogModuleManager: Shutting down and abandoning module Android_MultiTargetPlatform (95)
[2017.12.07-08.57.36:999][412]LogModuleManager: Shutting down and abandoning module Android_ETC2TargetPlatform (93)
[2017.12.07-08.57.36:999][412]LogModuleManager: Shutting down and abandoning module Android_ETC1TargetPlatform (91)
[2017.12.07-08.57.36:999][412]LogModuleManager: Shutting down and abandoning module Android_DXTTargetPlatform (89)
[2017.12.07-08.57.36:999][412]LogModuleManager: Shutting down and abandoning module Android_ATCTargetPlatform (87)
[2017.12.07-08.57.36:999][412]LogModuleManager: Shutting down and abandoning module Android_ASTCTargetPlatform (85)
[2017.12.07-08.57.36:999][412]LogModuleManager: Shutting down and abandoning module WindowsTargetPlatform (83)
[2017.12.07-08.57.36:999][412]LogModuleManager: Shutting down and abandoning module WindowsServerTargetPlatform (81)
[2017.12.07-08.57.36:999][412]LogModuleManager: Shutting down and abandoning module WindowsNoEditorTargetPlatform (79)
[2017.12.07-08.57.36:999][412]LogModuleManager: Shutting down and abandoning module WindowsClientTargetPlatform (77)
[2017.12.07-08.57.36:999][412]LogModuleManager: Shutting down and abandoning module MacTargetPlatform (75)
[2017.12.07-08.57.36:999][412]LogModuleManager: Shutting down and abandoning module MacServerTargetPlatform (73)
[2017.12.07-08.57.36:999][412]LogModuleManager: Shutting down and abandoning module MacNoEditorTargetPlatform (71)
[2017.12.07-08.57.36:999][412]LogModuleManager: Shutting down and abandoning module MacClientTargetPlatform (69)
[2017.12.07-08.57.36:999][412]LogModuleManager: Shutting down and abandoning module AllDesktopTargetPlatform (67)
[2017.12.07-08.57.36:999][412]LogModuleManager: Shutting down and abandoning module InputCore (64)
[2017.12.07-08.57.36:999][412]LogModuleManager: Shutting down and abandoning module Settings (62)
[2017.12.07-08.57.36:999][412]LogModuleManager: Shutting down and abandoning module PhysXCooking (60)
[2017.12.07-08.57.36:999][412]LogModuleManager: Shutting down and abandoning module SteamVR (58)
[2017.12.07-08.57.36:999][412]LogModuleManager: Shutting down and abandoning module OculusHMD (56)
[2017.12.07-08.57.36:999][412]LogModuleManager: Shutting down and abandoning module ExampleDeviceProfileSelector (54)
[2017.12.07-08.57.36:999][412]LogModuleManager: Shutting down and abandoning module AppleARKit (52)
[2017.12.07-08.57.36:999][412]LogModuleManager: Shutting down and abandoning module AugmentedReality (51)
[2017.12.07-08.57.36:999][412]LogModuleManager: Shutting down and abandoning module OnlineBlueprintSupport (48)
[2017.12.07-08.57.36:999][412]LogModuleManager: Shutting down and abandoning module OnlineSubsystem (44)
[2017.12.07-08.57.36:999][412]LogModuleManager: Shutting down and abandoning module XMPP (43)
[2017.12.07-08.57.36:999][412]LogModuleManager: Shutting down and abandoning module HTTP (41)
[2017.12.07-08.57.36:999][412]LogHttp: Display: Http module shutting down, but needs to wait on 1 outstanding Http requests:
[2017.12.07-08.57.36:999][412]LogHttp: Display: 	verb=[POST] url=[https://datarouter.ol.epicgames.com/datarouter/api/v1/public/data?SessionID=%7B666AAE68-4865-81CA-5165-82A8E1527C9D%7D&AppID=UEEditor.Rocket.Release&AppVersion=4.18.1-3754814%2B%2B%2BUE4%2BRelease-4.18&UserID=f1cee43741e8ddb2065326a35dff0ebe%7Cf4af790ab74741bdb7a6a132e70afb56%7Cf583b69d-8995-4b97-ba94-69debecd0aad&AppEnvironment=datacollector-binary&UploadType=eteventstream] status=Processing
[2017.12.07-08.57.37:005][412]LogModuleManager: Shutting down and abandoning module SSL (40)
[2017.12.07-08.57.37:006][412]LogModuleManager: Shutting down and abandoning module AnimationModifiers (36)
[2017.12.07-08.57.37:006][412]LogModuleManager: Shutting down and abandoning module PropertyEditor (35)
[2017.12.07-08.57.37:007][412]LogModuleManager: Shutting down and abandoning module AudioEditor (32)
[2017.12.07-08.57.37:007][412]LogModuleManager: Shutting down and abandoning module TextureCompressor (30)
[2017.12.07-08.57.37:007][412]LogModuleManager: Shutting down and abandoning module ShaderCore (28)
[2017.12.07-08.57.37:007][412]LogModuleManager: Shutting down and abandoning module Landscape (26)
[2017.12.07-08.57.37:007][412]LogModuleManager: Shutting down and abandoning module SlateRHIRenderer (24)
[2017.12.07-08.57.37:007][412]LogModuleManager: Shutting down and abandoning module OpenGLDrv (22)
[2017.12.07-08.57.37:007][412]LogModuleManager: Shutting down and abandoning module D3D11RHI (20)
[2017.12.07-08.57.37:007][412]LogModuleManager: Shutting down and abandoning module AnimGraphRuntime (18)
[2017.12.07-08.57.37:007][412]LogModuleManager: Shutting down and abandoning module Renderer (16)
[2017.12.07-08.57.37:007][412]LogModuleManager: Shutting down and abandoning module Engine (14)
[2017.12.07-08.57.37:007][412]LogModuleManager: Shutting down and abandoning module CoreUObject (12)
[2017.12.07-08.57.37:007][412]LogModuleManager: Shutting down and abandoning module NetworkFile (10)
[2017.12.07-08.57.37:007][412]LogModuleManager: Shutting down and abandoning module CookedIterativeFile (8)
[2017.12.07-08.57.37:007][412]LogModuleManager: Shutting down and abandoning module StreamingFile (6)
[2017.12.07-08.57.37:007][412]LogModuleManager: Shutting down and abandoning module SandboxFile (4)
[2017.12.07-08.57.37:007][412]LogModuleManager: Shutting down and abandoning module PakFile (2)
[2017.12.07-08.57.37:010][412]LogExit: Exiting.
[2017.12.07-08.57.37:025][412]Log file closed, 12/07/17 01:57:37
